2023-01-19T10:22:32.598-05:00  INFO 51338 --- [main] com.itranswarp.learnjava.Application     : Starting Application using Java 17.0.6 with PID 51338 (/Users/xianchenliu/Downloads/springboot-hello/target/classes started by xianchenliu in /Users/xianchenliu/Downloads/springboot-hello)
2023-01-19T10:22:32.599-05:00  INFO 51338 --- [main] com.itranswarp.learnjava.Application     : No active profile set, falling back to 1 default profile: "default"
2023-01-19T10:22:33.004-05:00  INFO 51338 --- [main] o.s.b.w.embedded.tomcat.TomcatWebServer  : Tomcat initialized with port(s): 8080 (http)
2023-01-19T10:22:33.009-05:00  INFO 51338 --- [main] o.apache.catalina.core.StandardService   : Starting service [Tomcat]
2023-01-19T10:22:33.009-05:00  INFO 51338 --- [main] o.apache.catalina.core.StandardEngine    : Starting Servlet engine: [Apache Tomcat/10.1.1]
2023-01-19T10:22:33.046-05:00  INFO 51338 --- [main] o.a.c.c.C.[Tomcat].[localhost].[/]       : Initializing Spring embedded WebApplicationContext
2023-01-19T10:22:33.047-05:00  INFO 51338 --- [main] w.s.c.ServletWebServerApplicationContext : Root WebApplicationContext: initialization completed in 428 ms
2023-01-19T10:22:33.098-05:00  WARN 51338 --- [main] com.zaxxer.hikari.HikariConfig           : HikariPool-1 - idleTimeout is close to or more than maxLifetime, disabling it.
2023-01-19T10:22:33.098-05:00  INFO 51338 --- [main] com.zaxxer.hikari.HikariDataSource       : HikariPool-1 - Starting...
2023-01-19T10:22:33.231-05:00  INFO 51338 --- [main] com.zaxxer.hikari.pool.PoolBase          : HikariPool-1 - Driver does not support get/set network timeout for connections. (feature not supported)
2023-01-19T10:22:33.231-05:00  INFO 51338 --- [main] com.zaxxer.hikari.pool.HikariPool        : HikariPool-1 - Added connection org.hsqldb.jdbc.JDBCConnection@7499eac7
2023-01-19T10:22:33.232-05:00  INFO 51338 --- [main] com.zaxxer.hikari.HikariDataSource       : HikariPool-1 - Start completed.
2023-01-19T10:22:33.360-05:00  WARN 51338 --- [main] ocalVariableTableParameterNameDiscoverer : Using deprecated '-debug' fallback for parameter name resolution. Compile the affected code with '-parameters' instead or avoid its introspection: io.pebbletemplates.boot.autoconfigure.PebbleServletWebConfiguration
2023-01-19T10:22:33.362-05:00  WARN 51338 --- [main] ocalVariableTableParameterNameDiscoverer : Using deprecated '-debug' fallback for parameter name resolution. Compile the affected code with '-parameters' instead or avoid its introspection: io.pebbletemplates.boot.autoconfigure.PebbleAutoConfiguration
2023-01-19T10:22:33.423-05:00  INFO 51338 --- [main] o.s.b.w.embedded.tomcat.TomcatWebServer  : Tomcat started on port(s): 8080 (http) with context path ''
2023-01-19T10:22:33.428-05:00  INFO 51338 --- [main] com.itranswarp.learnjava.Application     : Started Application in 1.117 seconds (process running for 1.464)
2023-01-19T10:24:02.038-05:00  INFO 51338 --- [http-nio-8080-exec-1] o.a.c.c.C.[Tomcat].[localhost].[/]       : Initializing Spring DispatcherServlet 'dispatcherServlet'
2023-01-19T10:24:02.039-05:00  INFO 51338 --- [http-nio-8080-exec-1] o.s.web.servlet.DispatcherServlet        : Initializing Servlet 'dispatcherServlet'
2023-01-19T10:24:02.039-05:00  INFO 51338 --- [http-nio-8080-exec-1] o.s.web.servlet.DispatcherServlet        : Completed initialization in 0 ms
2023-01-19T10:31:42.604-05:00  INFO 51338 --- [SpringApplicationShutdownHook] com.zaxxer.hikari.HikariDataSource       : HikariPool-1 - Shutdown initiated...
2023-01-19T10:31:42.605-05:00  INFO 51338 --- [SpringApplicationShutdownHook] com.zaxxer.hikari.HikariDataSource       : HikariPool-1 - Shutdown completed.
2023-01-19T10:31:44.724-05:00  INFO 51525 --- [main] com.itranswarp.learnjava.Application     : Starting Application using Java 17.0.6 with PID 51525 (/Users/xianchenliu/Downloads/springboot-hello/target/classes started by xianchenliu in /Users/xianchenliu/Downloads/springboot-hello)
2023-01-19T10:31:44.726-05:00  INFO 51525 --- [main] com.itranswarp.learnjava.Application     : No active profile set, falling back to 1 default profile: "default"
2023-01-19T10:31:45.087-05:00  INFO 51525 --- [main] o.s.b.w.embedded.tomcat.TomcatWebServer  : Tomcat initialized with port(s): 8080 (http)
2023-01-19T10:31:45.092-05:00  INFO 51525 --- [main] o.apache.catalina.core.StandardService   : Starting service [Tomcat]
2023-01-19T10:31:45.092-05:00  INFO 51525 --- [main] o.apache.catalina.core.StandardEngine    : Starting Servlet engine: [Apache Tomcat/10.1.1]
2023-01-19T10:31:45.127-05:00  INFO 51525 --- [main] o.a.c.c.C.[Tomcat].[localhost].[/]       : Initializing Spring embedded WebApplicationContext
2023-01-19T10:31:45.128-05:00  INFO 51525 --- [main] w.s.c.ServletWebServerApplicationContext : Root WebApplicationContext: initialization completed in 385 ms
2023-01-19T10:31:45.169-05:00  WARN 51525 --- [main] com.zaxxer.hikari.HikariConfig           : HikariPool-1 - idleTimeout is close to or more than maxLifetime, disabling it.
2023-01-19T10:31:45.170-05:00  INFO 51525 --- [main] com.zaxxer.hikari.HikariDataSource       : HikariPool-1 - Starting...
2023-01-19T10:31:45.292-05:00  INFO 51525 --- [main] com.zaxxer.hikari.pool.PoolBase          : HikariPool-1 - Driver does not support get/set network timeout for connections. (feature not supported)
2023-01-19T10:31:45.293-05:00  INFO 51525 --- [main] com.zaxxer.hikari.pool.HikariPool        : HikariPool-1 - Added connection org.hsqldb.jdbc.JDBCConnection@5438c17a
2023-01-19T10:31:45.294-05:00  INFO 51525 --- [main] com.zaxxer.hikari.HikariDataSource       : HikariPool-1 - Start completed.
2023-01-19T10:31:45.408-05:00  WARN 51525 --- [main] ocalVariableTableParameterNameDiscoverer : Using deprecated '-debug' fallback for parameter name resolution. Compile the affected code with '-parameters' instead or avoid its introspection: io.pebbletemplates.boot.autoconfigure.PebbleServletWebConfiguration
2023-01-19T10:31:45.410-05:00  WARN 51525 --- [main] ocalVariableTableParameterNameDiscoverer : Using deprecated '-debug' fallback for parameter name resolution. Compile the affected code with '-parameters' instead or avoid its introspection: io.pebbletemplates.boot.autoconfigure.PebbleAutoConfiguration
2023-01-19T10:31:45.465-05:00  INFO 51525 --- [main] o.s.b.w.embedded.tomcat.TomcatWebServer  : Tomcat started on port(s): 8080 (http) with context path ''
2023-01-19T10:31:45.470-05:00  INFO 51525 --- [main] com.itranswarp.learnjava.Application     : Started Application in 0.937 seconds (process running for 1.182)
2023-01-19T10:31:58.850-05:00  INFO 51525 --- [http-nio-8080-exec-1] o.a.c.c.C.[Tomcat].[localhost].[/]       : Initializing Spring DispatcherServlet 'dispatcherServlet'
2023-01-19T10:31:58.850-05:00  INFO 51525 --- [http-nio-8080-exec-1] o.s.web.servlet.DispatcherServlet        : Initializing Servlet 'dispatcherServlet'
2023-01-19T10:31:58.851-05:00  INFO 51525 --- [http-nio-8080-exec-1] o.s.web.servlet.DispatcherServlet        : Completed initialization in 1 ms
2023-01-19T10:32:14.762-05:00  INFO 51525 --- [SpringApplicationShutdownHook] com.zaxxer.hikari.HikariDataSource       : HikariPool-1 - Shutdown initiated...
2023-01-19T10:32:14.763-05:00  INFO 51525 --- [SpringApplicationShutdownHook] com.zaxxer.hikari.HikariDataSource       : HikariPool-1 - Shutdown completed.
2023-01-19T10:32:16.378-05:00  INFO 51541 --- [main] com.itranswarp.learnjava.Application     : Starting Application using Java 17.0.6 with PID 51541 (/Users/xianchenliu/Downloads/springboot-hello/target/classes started by xianchenliu in /Users/xianchenliu/Downloads/springboot-hello)
2023-01-19T10:32:16.380-05:00  INFO 51541 --- [main] com.itranswarp.learnjava.Application     : No active profile set, falling back to 1 default profile: "default"
2023-01-19T10:32:16.748-05:00  INFO 51541 --- [main] o.s.b.w.embedded.tomcat.TomcatWebServer  : Tomcat initialized with port(s): 8080 (http)
2023-01-19T10:32:16.752-05:00  INFO 51541 --- [main] o.apache.catalina.core.StandardService   : Starting service [Tomcat]
2023-01-19T10:32:16.752-05:00  INFO 51541 --- [main] o.apache.catalina.core.StandardEngine    : Starting Servlet engine: [Apache Tomcat/10.1.1]
2023-01-19T10:32:16.789-05:00  INFO 51541 --- [main] o.a.c.c.C.[Tomcat].[localhost].[/]       : Initializing Spring embedded WebApplicationContext
2023-01-19T10:32:16.790-05:00  INFO 51541 --- [main] w.s.c.ServletWebServerApplicationContext : Root WebApplicationContext: initialization completed in 392 ms
2023-01-19T10:32:16.839-05:00  WARN 51541 --- [main] com.zaxxer.hikari.HikariConfig           : HikariPool-1 - idleTimeout is close to or more than maxLifetime, disabling it.
2023-01-19T10:32:16.840-05:00  INFO 51541 --- [main] com.zaxxer.hikari.HikariDataSource       : HikariPool-1 - Starting...
2023-01-19T10:32:16.962-05:00  INFO 51541 --- [main] com.zaxxer.hikari.pool.PoolBase          : HikariPool-1 - Driver does not support get/set network timeout for connections. (feature not supported)
2023-01-19T10:32:16.962-05:00  INFO 51541 --- [main] com.zaxxer.hikari.pool.HikariPool        : HikariPool-1 - Added connection org.hsqldb.jdbc.JDBCConnection@7f353a0f
2023-01-19T10:32:16.963-05:00  INFO 51541 --- [main] com.zaxxer.hikari.HikariDataSource       : HikariPool-1 - Start completed.
2023-01-19T10:32:17.078-05:00  WARN 51541 --- [main] ocalVariableTableParameterNameDiscoverer : Using deprecated '-debug' fallback for parameter name resolution. Compile the affected code with '-parameters' instead or avoid its introspection: io.pebbletemplates.boot.autoconfigure.PebbleServletWebConfiguration
2023-01-19T10:32:17.080-05:00  WARN 51541 --- [main] ocalVariableTableParameterNameDiscoverer : Using deprecated '-debug' fallback for parameter name resolution. Compile the affected code with '-parameters' instead or avoid its introspection: io.pebbletemplates.boot.autoconfigure.PebbleAutoConfiguration
2023-01-19T10:32:17.135-05:00  INFO 51541 --- [main] o.s.b.w.embedded.tomcat.TomcatWebServer  : Tomcat started on port(s): 8080 (http) with context path ''
2023-01-19T10:32:17.146-05:00  INFO 51541 --- [main] com.itranswarp.learnjava.Application     : Started Application in 0.956 seconds (process running for 1.161)
2023-01-19T10:32:29.558-05:00  INFO 51541 --- [SpringApplicationShutdownHook] com.zaxxer.hikari.HikariDataSource       : HikariPool-1 - Shutdown initiated...
2023-01-19T10:32:29.559-05:00  INFO 51541 --- [SpringApplicationShutdownHook] com.zaxxer.hikari.HikariDataSource       : HikariPool-1 - Shutdown completed.
2023-01-19T10:32:31.049-05:00  INFO 51553 --- [main] com.itranswarp.learnjava.Application     : Starting Application using Java 17.0.6 with PID 51553 (/Users/xianchenliu/Downloads/springboot-hello/target/classes started by xianchenliu in /Users/xianchenliu/Downloads/springboot-hello)
2023-01-19T10:32:31.051-05:00  INFO 51553 --- [main] com.itranswarp.learnjava.Application     : No active profile set, falling back to 1 default profile: "default"
2023-01-19T10:32:31.435-05:00  INFO 51553 --- [main] o.s.b.w.embedded.tomcat.TomcatWebServer  : Tomcat initialized with port(s): 8080 (http)
2023-01-19T10:32:31.439-05:00  INFO 51553 --- [main] o.apache.catalina.core.StandardService   : Starting service [Tomcat]
2023-01-19T10:32:31.439-05:00  INFO 51553 --- [main] o.apache.catalina.core.StandardEngine    : Starting Servlet engine: [Apache Tomcat/10.1.1]
2023-01-19T10:32:31.476-05:00  INFO 51553 --- [main] o.a.c.c.C.[Tomcat].[localhost].[/]       : Initializing Spring embedded WebApplicationContext
2023-01-19T10:32:31.477-05:00  INFO 51553 --- [main] w.s.c.ServletWebServerApplicationContext : Root WebApplicationContext: initialization completed in 405 ms
2023-01-19T10:32:31.529-05:00  WARN 51553 --- [main] com.zaxxer.hikari.HikariConfig           : HikariPool-1 - idleTimeout is close to or more than maxLifetime, disabling it.
2023-01-19T10:32:31.530-05:00  INFO 51553 --- [main] com.zaxxer.hikari.HikariDataSource       : HikariPool-1 - Starting...
2023-01-19T10:32:31.654-05:00  INFO 51553 --- [main] com.zaxxer.hikari.pool.PoolBase          : HikariPool-1 - Driver does not support get/set network timeout for connections. (feature not supported)
2023-01-19T10:32:31.655-05:00  INFO 51553 --- [main] com.zaxxer.hikari.pool.HikariPool        : HikariPool-1 - Added connection org.hsqldb.jdbc.JDBCConnection@467b0f6e
2023-01-19T10:32:31.655-05:00  INFO 51553 --- [main] com.zaxxer.hikari.HikariDataSource       : HikariPool-1 - Start completed.
2023-01-19T10:32:31.766-05:00  WARN 51553 --- [main] ocalVariableTableParameterNameDiscoverer : Using deprecated '-debug' fallback for parameter name resolution. Compile the affected code with '-parameters' instead or avoid its introspection: io.pebbletemplates.boot.autoconfigure.PebbleServletWebConfiguration
2023-01-19T10:32:31.768-05:00  WARN 51553 --- [main] ocalVariableTableParameterNameDiscoverer : Using deprecated '-debug' fallback for parameter name resolution. Compile the affected code with '-parameters' instead or avoid its introspection: io.pebbletemplates.boot.autoconfigure.PebbleAutoConfiguration
2023-01-19T10:32:31.831-05:00  INFO 51553 --- [main] o.s.b.w.embedded.tomcat.TomcatWebServer  : Tomcat started on port(s): 8080 (http) with context path ''
2023-01-19T10:32:31.836-05:00  INFO 51553 --- [main] com.itranswarp.learnjava.Application     : Started Application in 1.046 seconds (process running for 1.262)
2023-01-19T10:32:39.807-05:00  INFO 51553 --- [http-nio-8080-exec-1] o.a.c.c.C.[Tomcat].[localhost].[/]       : Initializing Spring DispatcherServlet 'dispatcherServlet'
2023-01-19T10:32:39.807-05:00  INFO 51553 --- [http-nio-8080-exec-1] o.s.web.servlet.DispatcherServlet        : Initializing Servlet 'dispatcherServlet'
2023-01-19T10:32:39.808-05:00  INFO 51553 --- [http-nio-8080-exec-1] o.s.web.servlet.DispatcherServlet        : Completed initialization in 1 ms
2023-01-19T10:34:57.435-05:00  INFO 51553 --- [SpringApplicationShutdownHook] com.zaxxer.hikari.HikariDataSource       : HikariPool-1 - Shutdown initiated...
2023-01-19T10:34:57.436-05:00  INFO 51553 --- [SpringApplicationShutdownHook] com.zaxxer.hikari.HikariDataSource       : HikariPool-1 - Shutdown completed.
2023-01-19T10:35:19.127-05:00  INFO 51605 --- [main] com.lxc.learnjava.Application            : Starting Application using Java 17.0.6 with PID 51605 (/Users/xianchenliu/Downloads/springboot-hello/target/classes started by xianchenliu in /Users/xianchenliu/Downloads/springboot-hello)
2023-01-19T10:35:19.129-05:00  INFO 51605 --- [main] com.lxc.learnjava.Application            : No active profile set, falling back to 1 default profile: "default"
2023-01-19T10:35:19.518-05:00  INFO 51605 --- [main] o.s.b.w.embedded.tomcat.TomcatWebServer  : Tomcat initialized with port(s): 8080 (http)
2023-01-19T10:35:19.521-05:00  INFO 51605 --- [main] o.apache.catalina.core.StandardService   : Starting service [Tomcat]
2023-01-19T10:35:19.522-05:00  INFO 51605 --- [main] o.apache.catalina.core.StandardEngine    : Starting Servlet engine: [Apache Tomcat/10.1.1]
2023-01-19T10:35:19.555-05:00  INFO 51605 --- [main] o.a.c.c.C.[Tomcat].[localhost].[/]       : Initializing Spring embedded WebApplicationContext
2023-01-19T10:35:19.556-05:00  INFO 51605 --- [main] w.s.c.ServletWebServerApplicationContext : Root WebApplicationContext: initialization completed in 410 ms
2023-01-19T10:35:19.717-05:00  WARN 51605 --- [main] ocalVariableTableParameterNameDiscoverer : Using deprecated '-debug' fallback for parameter name resolution. Compile the affected code with '-parameters' instead or avoid its introspection: io.pebbletemplates.boot.autoconfigure.PebbleServletWebConfiguration
2023-01-19T10:35:19.719-05:00  WARN 51605 --- [main] ocalVariableTableParameterNameDiscoverer : Using deprecated '-debug' fallback for parameter name resolution. Compile the affected code with '-parameters' instead or avoid its introspection: io.pebbletemplates.boot.autoconfigure.PebbleAutoConfiguration
2023-01-19T10:35:19.779-05:00  INFO 51605 --- [main] o.s.b.w.embedded.tomcat.TomcatWebServer  : Tomcat started on port(s): 8080 (http) with context path ''
2023-01-19T10:35:19.783-05:00  INFO 51605 --- [main] com.lxc.learnjava.Application            : Started Application in 0.851 seconds (process running for 1.061)
2023-01-19T10:35:33.560-05:00  INFO 51610 --- [main] com.lxc.learnjava.Application            : Starting Application using Java 17.0.6 with PID 51610 (/Users/xianchenliu/Downloads/springboot-hello/target/classes started by xianchenliu in /Users/xianchenliu/Downloads/springboot-hello)
2023-01-19T10:35:33.561-05:00  INFO 51610 --- [main] com.lxc.learnjava.Application            : No active profile set, falling back to 1 default profile: "default"
2023-01-19T10:35:33.933-05:00  INFO 51610 --- [main] o.s.b.w.embedded.tomcat.TomcatWebServer  : Tomcat initialized with port(s): 8080 (http)
2023-01-19T10:35:33.937-05:00  INFO 51610 --- [main] o.apache.catalina.core.StandardService   : Starting service [Tomcat]
2023-01-19T10:35:33.938-05:00  INFO 51610 --- [main] o.apache.catalina.core.StandardEngine    : Starting Servlet engine: [Apache Tomcat/10.1.1]
2023-01-19T10:35:33.977-05:00  INFO 51610 --- [main] o.a.c.c.C.[Tomcat].[localhost].[/]       : Initializing Spring embedded WebApplicationContext
2023-01-19T10:35:33.978-05:00  INFO 51610 --- [main] w.s.c.ServletWebServerApplicationContext : Root WebApplicationContext: initialization completed in 399 ms
2023-01-19T10:35:34.024-05:00  WARN 51610 --- [main] com.zaxxer.hikari.HikariConfig           : HikariPool-1 - idleTimeout is close to or more than maxLifetime, disabling it.
2023-01-19T10:35:34.025-05:00  INFO 51610 --- [main] com.zaxxer.hikari.HikariDataSource       : HikariPool-1 - Starting...
2023-01-19T10:35:34.158-05:00  INFO 51610 --- [main] com.zaxxer.hikari.pool.PoolBase          : HikariPool-1 - Driver does not support get/set network timeout for connections. (feature not supported)
2023-01-19T10:35:34.158-05:00  INFO 51610 --- [main] com.zaxxer.hikari.pool.HikariPool        : HikariPool-1 - Added connection org.hsqldb.jdbc.JDBCConnection@2a7d9b41
2023-01-19T10:35:34.159-05:00  INFO 51610 --- [main] com.zaxxer.hikari.HikariDataSource       : HikariPool-1 - Start completed.
2023-01-19T10:35:34.286-05:00  WARN 51610 --- [main] ocalVariableTableParameterNameDiscoverer : Using deprecated '-debug' fallback for parameter name resolution. Compile the affected code with '-parameters' instead or avoid its introspection: io.pebbletemplates.boot.autoconfigure.PebbleServletWebConfiguration
2023-01-19T10:35:34.288-05:00  WARN 51610 --- [main] ocalVariableTableParameterNameDiscoverer : Using deprecated '-debug' fallback for parameter name resolution. Compile the affected code with '-parameters' instead or avoid its introspection: io.pebbletemplates.boot.autoconfigure.PebbleAutoConfiguration
2023-01-19T10:35:34.345-05:00  INFO 51610 --- [main] o.s.b.w.embedded.tomcat.TomcatWebServer  : Tomcat started on port(s): 8080 (http) with context path ''
2023-01-19T10:35:34.350-05:00  INFO 51610 --- [main] com.lxc.learnjava.Application            : Started Application in 0.985 seconds (process running for 1.177)
2023-01-19T10:36:06.261-05:00  INFO 51610 --- [SpringApplicationShutdownHook] com.zaxxer.hikari.HikariDataSource       : HikariPool-1 - Shutdown initiated...
2023-01-19T10:36:06.262-05:00  INFO 51610 --- [SpringApplicationShutdownHook] com.zaxxer.hikari.HikariDataSource       : HikariPool-1 - Shutdown completed.
2023-01-19T10:36:07.254-05:00  INFO 51621 --- [main] com.lxc.learnjava.Application            : Starting Application using Java 17.0.6 with PID 51621 (/Users/xianchenliu/Downloads/springboot-hello/target/classes started by xianchenliu in /Users/xianchenliu/Downloads/springboot-hello)
2023-01-19T10:36:07.255-05:00  INFO 51621 --- [main] com.lxc.learnjava.Application            : No active profile set, falling back to 1 default profile: "default"
2023-01-19T10:36:07.704-05:00  INFO 51621 --- [main] o.s.b.w.embedded.tomcat.TomcatWebServer  : Tomcat initialized with port(s): 8080 (http)
2023-01-19T10:36:07.708-05:00  INFO 51621 --- [main] o.apache.catalina.core.StandardService   : Starting service [Tomcat]
2023-01-19T10:36:07.709-05:00  INFO 51621 --- [main] o.apache.catalina.core.StandardEngine    : Starting Servlet engine: [Apache Tomcat/10.1.1]
2023-01-19T10:36:07.746-05:00  INFO 51621 --- [main] o.a.c.c.C.[Tomcat].[localhost].[/]       : Initializing Spring embedded WebApplicationContext
2023-01-19T10:36:07.747-05:00  INFO 51621 --- [main] w.s.c.ServletWebServerApplicationContext : Root WebApplicationContext: initialization completed in 472 ms
2023-01-19T10:36:07.794-05:00  WARN 51621 --- [main] com.zaxxer.hikari.HikariConfig           : HikariPool-1 - idleTimeout is close to or more than maxLifetime, disabling it.
2023-01-19T10:36:07.795-05:00  INFO 51621 --- [main] com.zaxxer.hikari.HikariDataSource       : HikariPool-1 - Starting...
2023-01-19T10:36:07.927-05:00  INFO 51621 --- [main] com.zaxxer.hikari.pool.PoolBase          : HikariPool-1 - Driver does not support get/set network timeout for connections. (feature not supported)
2023-01-19T10:36:07.927-05:00  INFO 51621 --- [main] com.zaxxer.hikari.pool.HikariPool        : HikariPool-1 - Added connection org.hsqldb.jdbc.JDBCConnection@478b0739
2023-01-19T10:36:07.928-05:00  INFO 51621 --- [main] com.zaxxer.hikari.HikariDataSource       : HikariPool-1 - Start completed.
2023-01-19T10:36:08.060-05:00  WARN 51621 --- [main] ocalVariableTableParameterNameDiscoverer : Using deprecated '-debug' fallback for parameter name resolution. Compile the affected code with '-parameters' instead or avoid its introspection: io.pebbletemplates.boot.autoconfigure.PebbleServletWebConfiguration
2023-01-19T10:36:08.062-05:00  WARN 51621 --- [main] ocalVariableTableParameterNameDiscoverer : Using deprecated '-debug' fallback for parameter name resolution. Compile the affected code with '-parameters' instead or avoid its introspection: io.pebbletemplates.boot.autoconfigure.PebbleAutoConfiguration
2023-01-19T10:36:08.126-05:00  INFO 51621 --- [main] o.s.b.w.embedded.tomcat.TomcatWebServer  : Tomcat started on port(s): 8080 (http) with context path ''
2023-01-19T10:36:08.130-05:00  INFO 51621 --- [main] com.lxc.learnjava.Application            : Started Application in 1.09 seconds (process running for 1.299)
2023-01-19T10:36:29.093-05:00  INFO 51621 --- [http-nio-8080-exec-1] o.a.c.c.C.[Tomcat].[localhost].[/]       : Initializing Spring DispatcherServlet 'dispatcherServlet'
2023-01-19T10:36:29.094-05:00  INFO 51621 --- [http-nio-8080-exec-1] o.s.web.servlet.DispatcherServlet        : Initializing Servlet 'dispatcherServlet'
2023-01-19T10:36:29.094-05:00  INFO 51621 --- [http-nio-8080-exec-1] o.s.web.servlet.DispatcherServlet        : Completed initialization in 0 ms
2023-01-19T10:37:45.754-05:00  INFO 51621 --- [SpringApplicationShutdownHook] com.zaxxer.hikari.HikariDataSource       : HikariPool-1 - Shutdown initiated...
2023-01-19T10:37:45.756-05:00  INFO 51621 --- [SpringApplicationShutdownHook] com.zaxxer.hikari.HikariDataSource       : HikariPool-1 - Shutdown completed.
2023-01-19T10:37:47.112-05:00  INFO 51661 --- [main] com.lxc.learnjava.Application            : Starting Application using Java 17.0.6 with PID 51661 (/Users/xianchenliu/Downloads/springboot-hello/target/classes started by xianchenliu in /Users/xianchenliu/Downloads/springboot-hello)
2023-01-19T10:37:47.114-05:00  INFO 51661 --- [main] com.lxc.learnjava.Application            : No active profile set, falling back to 1 default profile: "default"
2023-01-19T10:37:47.492-05:00  INFO 51661 --- [main] o.s.b.w.embedded.tomcat.TomcatWebServer  : Tomcat initialized with port(s): 8080 (http)
2023-01-19T10:37:47.496-05:00  INFO 51661 --- [main] o.apache.catalina.core.StandardService   : Starting service [Tomcat]
2023-01-19T10:37:47.497-05:00  INFO 51661 --- [main] o.apache.catalina.core.StandardEngine    : Starting Servlet engine: [Apache Tomcat/10.1.1]
2023-01-19T10:37:47.534-05:00  INFO 51661 --- [main] o.a.c.c.C.[Tomcat].[localhost].[/]       : Initializing Spring embedded WebApplicationContext
2023-01-19T10:37:47.535-05:00  INFO 51661 --- [main] w.s.c.ServletWebServerApplicationContext : Root WebApplicationContext: initialization completed in 403 ms
2023-01-19T10:37:47.583-05:00  WARN 51661 --- [main] com.zaxxer.hikari.HikariConfig           : HikariPool-1 - idleTimeout is close to or more than maxLifetime, disabling it.
2023-01-19T10:37:47.584-05:00  INFO 51661 --- [main] com.zaxxer.hikari.HikariDataSource       : HikariPool-1 - Starting...
2023-01-19T10:37:47.710-05:00  INFO 51661 --- [main] com.zaxxer.hikari.pool.PoolBase          : HikariPool-1 - Driver does not support get/set network timeout for connections. (feature not supported)
2023-01-19T10:37:47.711-05:00  INFO 51661 --- [main] com.zaxxer.hikari.pool.HikariPool        : HikariPool-1 - Added connection org.hsqldb.jdbc.JDBCConnection@2349f14d
2023-01-19T10:37:47.712-05:00  INFO 51661 --- [main] com.zaxxer.hikari.HikariDataSource       : HikariPool-1 - Start completed.
2023-01-19T10:37:47.837-05:00  WARN 51661 --- [main] ocalVariableTableParameterNameDiscoverer : Using deprecated '-debug' fallback for parameter name resolution. Compile the affected code with '-parameters' instead or avoid its introspection: io.pebbletemplates.boot.autoconfigure.PebbleServletWebConfiguration
2023-01-19T10:37:47.838-05:00  WARN 51661 --- [main] ocalVariableTableParameterNameDiscoverer : Using deprecated '-debug' fallback for parameter name resolution. Compile the affected code with '-parameters' instead or avoid its introspection: io.pebbletemplates.boot.autoconfigure.PebbleAutoConfiguration
2023-01-19T10:37:47.898-05:00  INFO 51661 --- [main] o.s.b.w.embedded.tomcat.TomcatWebServer  : Tomcat started on port(s): 8080 (http) with context path ''
2023-01-19T10:37:47.903-05:00  INFO 51661 --- [main] com.lxc.learnjava.Application            : Started Application in 0.995 seconds (process running for 1.234)
2023-01-19T10:37:49.319-05:00  INFO 51661 --- [http-nio-8080-exec-1] o.a.c.c.C.[Tomcat].[localhost].[/]       : Initializing Spring DispatcherServlet 'dispatcherServlet'
2023-01-19T10:37:49.319-05:00  INFO 51661 --- [http-nio-8080-exec-1] o.s.web.servlet.DispatcherServlet        : Initializing Servlet 'dispatcherServlet'
2023-01-19T10:37:49.320-05:00  INFO 51661 --- [http-nio-8080-exec-1] o.s.web.servlet.DispatcherServlet        : Completed initialization in 1 ms
2023-01-19T10:38:37.682-05:00  INFO 51661 --- [SpringApplicationShutdownHook] com.zaxxer.hikari.HikariDataSource       : HikariPool-1 - Shutdown initiated...
2023-01-19T10:38:37.684-05:00  INFO 51661 --- [SpringApplicationShutdownHook] com.zaxxer.hikari.HikariDataSource       : HikariPool-1 - Shutdown completed.
2023-01-19T10:38:39.055-05:00  INFO 51669 --- [main] com.lxc.learnjava.Application            : Starting Application using Java 17.0.6 with PID 51669 (/Users/xianchenliu/Downloads/springboot-hello/target/classes started by xianchenliu in /Users/xianchenliu/Downloads/springboot-hello)
2023-01-19T10:38:39.056-05:00  INFO 51669 --- [main] com.lxc.learnjava.Application            : No active profile set, falling back to 1 default profile: "default"
2023-01-19T10:38:39.438-05:00  INFO 51669 --- [main] o.s.b.w.embedded.tomcat.TomcatWebServer  : Tomcat initialized with port(s): 8080 (http)
2023-01-19T10:38:39.442-05:00  INFO 51669 --- [main] o.apache.catalina.core.StandardService   : Starting service [Tomcat]
2023-01-19T10:38:39.442-05:00  INFO 51669 --- [main] o.apache.catalina.core.StandardEngine    : Starting Servlet engine: [Apache Tomcat/10.1.1]
2023-01-19T10:38:39.478-05:00  INFO 51669 --- [main] o.a.c.c.C.[Tomcat].[localhost].[/]       : Initializing Spring embedded WebApplicationContext
2023-01-19T10:38:39.479-05:00  INFO 51669 --- [main] w.s.c.ServletWebServerApplicationContext : Root WebApplicationContext: initialization completed in 406 ms
2023-01-19T10:38:39.530-05:00  WARN 51669 --- [main] com.zaxxer.hikari.HikariConfig           : HikariPool-1 - idleTimeout is close to or more than maxLifetime, disabling it.
2023-01-19T10:38:39.531-05:00  INFO 51669 --- [main] com.zaxxer.hikari.HikariDataSource       : HikariPool-1 - Starting...
2023-01-19T10:38:39.659-05:00  INFO 51669 --- [main] com.zaxxer.hikari.pool.PoolBase          : HikariPool-1 - Driver does not support get/set network timeout for connections. (feature not supported)
2023-01-19T10:38:39.660-05:00  INFO 51669 --- [main] com.zaxxer.hikari.pool.HikariPool        : HikariPool-1 - Added connection org.hsqldb.jdbc.JDBCConnection@478b0739
2023-01-19T10:38:39.660-05:00  INFO 51669 --- [main] com.zaxxer.hikari.HikariDataSource       : HikariPool-1 - Start completed.
2023-01-19T10:38:39.781-05:00  WARN 51669 --- [main] ocalVariableTableParameterNameDiscoverer : Using deprecated '-debug' fallback for parameter name resolution. Compile the affected code with '-parameters' instead or avoid its introspection: io.pebbletemplates.boot.autoconfigure.PebbleServletWebConfiguration
2023-01-19T10:38:39.784-05:00  WARN 51669 --- [main] ocalVariableTableParameterNameDiscoverer : Using deprecated '-debug' fallback for parameter name resolution. Compile the affected code with '-parameters' instead or avoid its introspection: io.pebbletemplates.boot.autoconfigure.PebbleAutoConfiguration
2023-01-19T10:38:39.847-05:00  INFO 51669 --- [main] o.s.b.w.embedded.tomcat.TomcatWebServer  : Tomcat started on port(s): 8080 (http) with context path ''
2023-01-19T10:38:39.852-05:00  INFO 51669 --- [main] com.lxc.learnjava.Application            : Started Application in 0.988 seconds (process running for 1.22)
2023-01-19T10:38:41.558-05:00  INFO 51669 --- [http-nio-8080-exec-1] o.a.c.c.C.[Tomcat].[localhost].[/]       : Initializing Spring DispatcherServlet 'dispatcherServlet'
2023-01-19T10:38:41.558-05:00  INFO 51669 --- [http-nio-8080-exec-1] o.s.web.servlet.DispatcherServlet        : Initializing Servlet 'dispatcherServlet'
2023-01-19T10:38:41.559-05:00  INFO 51669 --- [http-nio-8080-exec-1] o.s.web.servlet.DispatcherServlet        : Completed initialization in 1 ms
2023-01-19T10:59:51.949-05:00  WARN 51669 --- [HikariPool-1 housekeeper] com.zaxxer.hikari.pool.HikariPool        : HikariPool-1 - Thread starvation or clock leap detected (housekeeper delta=10m42s71ms).
2023-01-19T12:41:35.000-05:00  WARN 51669 --- [HikariPool-1 housekeeper] com.zaxxer.hikari.pool.HikariPool        : HikariPool-1 - Thread starvation or clock leap detected (housekeeper delta=16m42s370ms).
2023-01-19T12:59:14.109-05:00  WARN 51669 --- [HikariPool-1 housekeeper] com.zaxxer.hikari.pool.HikariPool        : HikariPool-1 - Thread starvation or clock leap detected (housekeeper delta=16m9s81ms).
2023-01-19T13:16:40.288-05:00  WARN 51669 --- [HikariPool-1 housekeeper] com.zaxxer.hikari.pool.HikariPool        : HikariPool-1 - Thread starvation or clock leap detected (housekeeper delta=17m26s179ms).
2023-01-19T13:33:20.989-05:00  WARN 51669 --- [HikariPool-1 housekeeper] com.zaxxer.hikari.pool.HikariPool        : HikariPool-1 - Thread starvation or clock leap detected (housekeeper delta=16m10s711ms).
2023-01-19T13:49:28.614-05:00  WARN 51669 --- [HikariPool-1 housekeeper] com.zaxxer.hikari.pool.HikariPool        : HikariPool-1 - Thread starvation or clock leap detected (housekeeper delta=15m37s622ms).
2023-01-19T14:06:02.287-05:00  WARN 51669 --- [HikariPool-1 housekeeper] com.zaxxer.hikari.pool.HikariPool        : HikariPool-1 - Thread starvation or clock leap detected (housekeeper delta=16m33s673ms).
2023-01-19T14:22:40.271-05:00  WARN 51669 --- [HikariPool-1 housekeeper] com.zaxxer.hikari.pool.HikariPool        : HikariPool-1 - Thread starvation or clock leap detected (housekeeper delta=15m37s940ms).
2023-01-19T14:39:41.795-05:00  WARN 51669 --- [HikariPool-1 housekeeper] com.zaxxer.hikari.pool.HikariPool        : HikariPool-1 - Thread starvation or clock leap detected (housekeeper delta=16m31s510ms).
2023-01-19T14:56:01.449-05:00  WARN 51669 --- [HikariPool-1 housekeeper] com.zaxxer.hikari.pool.HikariPool        : HikariPool-1 - Thread starvation or clock leap detected (housekeeper delta=16m19s654ms).
2023-01-19T15:12:42.183-05:00  WARN 51669 --- [HikariPool-1 housekeeper] com.zaxxer.hikari.pool.HikariPool        : HikariPool-1 - Thread starvation or clock leap detected (housekeeper delta=16m10s712ms).
2023-01-19T15:29:14.993-05:00  WARN 51669 --- [HikariPool-1 housekeeper] com.zaxxer.hikari.pool.HikariPool        : HikariPool-1 - Thread starvation or clock leap detected (housekeeper delta=16m2s793ms).
2023-01-19T16:04:05.294-05:00  WARN 51669 --- [HikariPool-1 housekeeper] com.zaxxer.hikari.pool.HikariPool        : HikariPool-1 - Thread starvation or clock leap detected (housekeeper delta=34m20s290ms).
2023-01-19T17:10:14.332-05:00  WARN 51669 --- [HikariPool-1 housekeeper] com.zaxxer.hikari.pool.HikariPool        : HikariPool-1 - Thread starvation or clock leap detected (housekeeper delta=1h6m9s38ms).
2023-01-19T17:53:43.616-05:00  WARN 51669 --- [HikariPool-1 housekeeper] com.zaxxer.hikari.pool.HikariPool        : HikariPool-1 - Thread starvation or clock leap detected (housekeeper delta=43m29s283ms).
2023-01-19T17:57:34.462-05:00  WARN 51669 --- [HikariPool-1 housekeeper] com.zaxxer.hikari.pool.HikariPool        : HikariPool-1 - Thread starvation or clock leap detected (housekeeper delta=3m50s847ms).
2023-01-19T18:00:52.763-05:00  WARN 51669 --- [HikariPool-1 housekeeper] com.zaxxer.hikari.pool.HikariPool        : HikariPool-1 - Thread starvation or clock leap detected (housekeeper delta=3m18s301ms).
2023-01-19T18:08:38.229-05:00  WARN 51669 --- [HikariPool-1 housekeeper] com.zaxxer.hikari.pool.HikariPool        : HikariPool-1 - Thread starvation or clock leap detected (housekeeper delta=7m45s466ms).
2023-01-19T18:12:29.304-05:00  WARN 51669 --- [HikariPool-1 housekeeper] com.zaxxer.hikari.pool.HikariPool        : HikariPool-1 - Thread starvation or clock leap detected (housekeeper delta=3m51s75ms).
2023-01-19T19:01:01.397-05:00  WARN 51669 --- [HikariPool-1 housekeeper] com.zaxxer.hikari.pool.HikariPool        : HikariPool-1 - Thread starvation or clock leap detected (housekeeper delta=48m32s93ms).
2023-01-19T19:29:59.784-05:00  WARN 51669 --- [HikariPool-1 housekeeper] com.zaxxer.hikari.pool.HikariPool        : HikariPool-1 - Thread starvation or clock leap detected (housekeeper delta=28m58s387ms).
2023-01-19T20:36:20.462-05:00  WARN 51669 --- [HikariPool-1 housekeeper] com.zaxxer.hikari.pool.HikariPool        : HikariPool-1 - Thread starvation or clock leap detected (housekeeper delta=1h6m20s678ms).
2023-01-19T22:01:40.307-05:00  WARN 51669 --- [HikariPool-1 housekeeper] com.zaxxer.hikari.pool.HikariPool        : HikariPool-1 - Thread starvation or clock leap detected (housekeeper delta=1h25m19s845ms).
2023-01-19T23:05:10.201-05:00  WARN 51669 --- [HikariPool-1 housekeeper] com.zaxxer.hikari.pool.HikariPool        : HikariPool-1 - Thread starvation or clock leap detected (housekeeper delta=1h3m29s894ms).
2023-01-19T23:09:59.201-05:00  WARN 51669 --- [HikariPool-1 housekeeper] com.zaxxer.hikari.pool.HikariPool        : HikariPool-1 - Thread starvation or clock leap detected (housekeeper delta=4m49s).
2023-01-20T00:24:12.989-05:00  WARN 51669 --- [HikariPool-1 housekeeper] com.zaxxer.hikari.pool.HikariPool        : HikariPool-1 - Thread starvation or clock leap detected (housekeeper delta=21m43s346ms).
2023-01-20T00:25:34.092-05:00  WARN 51669 --- [HikariPool-1 housekeeper] com.zaxxer.hikari.pool.HikariPool        : HikariPool-1 - Thread starvation or clock leap detected (housekeeper delta=1m21s103ms).
2023-01-20T02:05:07.489-05:00  WARN 51669 --- [HikariPool-1 housekeeper] com.zaxxer.hikari.pool.HikariPool        : HikariPool-1 - Thread starvation or clock leap detected (housekeeper delta=7m26s952ms).
2023-01-20T02:22:33.304-05:00  WARN 51669 --- [HikariPool-1 housekeeper] com.zaxxer.hikari.pool.HikariPool        : HikariPool-1 - Thread starvation or clock leap detected (housekeeper delta=16m55s797ms).
2023-01-20T02:39:29.910-05:00  WARN 51669 --- [HikariPool-1 housekeeper] com.zaxxer.hikari.pool.HikariPool        : HikariPool-1 - Thread starvation or clock leap detected (housekeeper delta=16m56s606ms).
2023-01-20T02:57:43.599-05:00  WARN 51669 --- [HikariPool-1 housekeeper] com.zaxxer.hikari.pool.HikariPool        : HikariPool-1 - Thread starvation or clock leap detected (housekeeper delta=17m43s687ms).
2023-01-20T03:15:44.313-05:00  WARN 51669 --- [HikariPool-1 housekeeper] com.zaxxer.hikari.pool.HikariPool        : HikariPool-1 - Thread starvation or clock leap detected (housekeeper delta=17m709ms).
2023-01-20T03:31:48.571-05:00  WARN 51669 --- [HikariPool-1 housekeeper] com.zaxxer.hikari.pool.HikariPool        : HikariPool-1 - Thread starvation or clock leap detected (housekeeper delta=15m34s248ms).
2023-01-20T03:48:56.081-05:00  WARN 51669 --- [HikariPool-1 housekeeper] com.zaxxer.hikari.pool.HikariPool        : HikariPool-1 - Thread starvation or clock leap detected (housekeeper delta=16m37s518ms).
2023-01-20T04:06:46.675-05:00  WARN 51669 --- [HikariPool-1 housekeeper] com.zaxxer.hikari.pool.HikariPool        : HikariPool-1 - Thread starvation or clock leap detected (housekeeper delta=17m20s582ms).
2023-01-20T04:22:55.233-05:00  WARN 51669 --- [HikariPool-1 housekeeper] com.zaxxer.hikari.pool.HikariPool        : HikariPool-1 - Thread starvation or clock leap detected (housekeeper delta=15m38s537ms).
2023-01-20T04:38:23.746-05:00  WARN 51669 --- [HikariPool-1 housekeeper] com.zaxxer.hikari.pool.HikariPool        : HikariPool-1 - Thread starvation or clock leap detected (housekeeper delta=15m28s513ms).
2023-01-20T04:55:07.262-05:00  WARN 51669 --- [HikariPool-1 housekeeper] com.zaxxer.hikari.pool.HikariPool        : HikariPool-1 - Thread starvation or clock leap detected (housekeeper delta=16m13s479ms).
2023-01-20T05:01:56.613-05:00  WARN 51669 --- [HikariPool-1 housekeeper] com.zaxxer.hikari.pool.HikariPool        : HikariPool-1 - Thread starvation or clock leap detected (housekeeper delta=6m49s351ms).
2023-01-20T05:10:37.098-05:00  WARN 51669 --- [HikariPool-1 housekeeper] com.zaxxer.hikari.pool.HikariPool        : HikariPool-1 - Thread starvation or clock leap detected (housekeeper delta=8m10s465ms).
2023-01-20T05:29:03.311-05:00  WARN 51669 --- [HikariPool-1 housekeeper] com.zaxxer.hikari.pool.HikariPool        : HikariPool-1 - Thread starvation or clock leap detected (housekeeper delta=18m26s213ms).
2023-01-20T05:45:23.844-05:00  WARN 51669 --- [HikariPool-1 housekeeper] com.zaxxer.hikari.pool.HikariPool        : HikariPool-1 - Thread starvation or clock leap detected (housekeeper delta=15m50s539ms).
2023-01-20T06:02:35.385-05:00  WARN 51669 --- [HikariPool-1 housekeeper] com.zaxxer.hikari.pool.HikariPool        : HikariPool-1 - Thread starvation or clock leap detected (housekeeper delta=16m41s551ms).
2023-01-20T06:20:36.033-05:00  WARN 51669 --- [HikariPool-1 housekeeper] com.zaxxer.hikari.pool.HikariPool        : HikariPool-1 - Thread starvation or clock leap detected (housekeeper delta=17m30s634ms).
2023-01-20T06:37:21.706-05:00  WARN 51669 --- [HikariPool-1 housekeeper] com.zaxxer.hikari.pool.HikariPool        : HikariPool-1 - Thread starvation or clock leap detected (housekeeper delta=16m45s673ms).
2023-01-20T06:55:30.326-05:00  WARN 51669 --- [HikariPool-1 housekeeper] com.zaxxer.hikari.pool.HikariPool        : HikariPool-1 - Thread starvation or clock leap detected (housekeeper delta=17m38s606ms).
2023-01-20T07:00:20.465-05:00  WARN 51669 --- [HikariPool-1 housekeeper] com.zaxxer.hikari.pool.HikariPool        : HikariPool-1 - Thread starvation or clock leap detected (housekeeper delta=4m50s139ms).
2023-01-20T07:17:35.473-05:00  WARN 51669 --- [HikariPool-1 housekeeper] com.zaxxer.hikari.pool.HikariPool        : HikariPool-1 - Thread starvation or clock leap detected (housekeeper delta=16m45s23ms).
2023-01-20T07:34:07.112-05:00  WARN 51669 --- [HikariPool-1 housekeeper] com.zaxxer.hikari.pool.HikariPool        : HikariPool-1 - Thread starvation or clock leap detected (housekeeper delta=16m1s629ms).
2023-01-20T07:50:48.693-05:00  WARN 51669 --- [HikariPool-1 housekeeper] com.zaxxer.hikari.pool.HikariPool        : HikariPool-1 - Thread starvation or clock leap detected (housekeeper delta=16m41s581ms).
2023-01-20T08:07:15.323-05:00  WARN 51669 --- [HikariPool-1 housekeeper] com.zaxxer.hikari.pool.HikariPool        : HikariPool-1 - Thread starvation or clock leap detected (housekeeper delta=15m56s609ms).
2023-01-20T08:23:35.820-05:00  WARN 51669 --- [HikariPool-1 housekeeper] com.zaxxer.hikari.pool.HikariPool        : HikariPool-1 - Thread starvation or clock leap detected (housekeeper delta=15m50s495ms).
2023-01-20T08:39:33.487-05:00  WARN 51669 --- [HikariPool-1 housekeeper] com.zaxxer.hikari.pool.HikariPool        : HikariPool-1 - Thread starvation or clock leap detected (housekeeper delta=15m57s667ms).
2023-01-20T08:56:34.177-05:00  WARN 51669 --- [HikariPool-1 housekeeper] com.zaxxer.hikari.pool.HikariPool        : HikariPool-1 - Thread starvation or clock leap detected (housekeeper delta=16m30s671ms).
2023-01-20T09:14:10.713-05:00  WARN 51669 --- [HikariPool-1 housekeeper] com.zaxxer.hikari.pool.HikariPool        : HikariPool-1 - Thread starvation or clock leap detected (housekeeper delta=17m6s524ms).
2023-01-20T09:30:35.310-05:00  WARN 51669 --- [HikariPool-1 housekeeper] com.zaxxer.hikari.pool.HikariPool        : HikariPool-1 - Thread starvation or clock leap detected (housekeeper delta=16m24s597ms).
2023-01-20T09:48:21.097-05:00  WARN 51669 --- [HikariPool-1 housekeeper] com.zaxxer.hikari.pool.HikariPool        : HikariPool-1 - Thread starvation or clock leap detected (housekeeper delta=17m15s780ms).
2023-01-20T09:50:10.050-05:00  WARN 51669 --- [HikariPool-1 housekeeper] com.zaxxer.hikari.pool.HikariPool        : HikariPool-1 - Thread starvation or clock leap detected (housekeeper delta=1m18s941ms).
2023-01-20T09:52:51.731-05:00  INFO 51669 --- [SpringApplicationShutdownHook] com.zaxxer.hikari.HikariDataSource       : HikariPool-1 - Shutdown initiated...
2023-01-20T09:52:51.733-05:00  INFO 51669 --- [SpringApplicationShutdownHook] com.zaxxer.hikari.HikariDataSource       : HikariPool-1 - Shutdown completed.
2023-01-20T09:53:16.477-05:00  INFO 57254 --- [main] com.lxc.demo.Application                 : Starting Application using Java 17.0.6 with PID 57254 (/Users/xianchenliu/Downloads/springboot-hello/target/classes started by xianchenliu in /Users/xianchenliu/Downloads/springboot-hello)
2023-01-20T09:53:16.479-05:00  INFO 57254 --- [main] com.lxc.demo.Application                 : No active profile set, falling back to 1 default profile: "default"
2023-01-20T09:53:16.888-05:00  INFO 57254 --- [main] o.s.b.w.embedded.tomcat.TomcatWebServer  : Tomcat initialized with port(s): 8080 (http)
2023-01-20T09:53:16.893-05:00  INFO 57254 --- [main] o.apache.catalina.core.StandardService   : Starting service [Tomcat]
2023-01-20T09:53:16.893-05:00  INFO 57254 --- [main] o.apache.catalina.core.StandardEngine    : Starting Servlet engine: [Apache Tomcat/10.1.1]
2023-01-20T09:53:16.928-05:00  INFO 57254 --- [main] o.a.c.c.C.[Tomcat].[localhost].[/]       : Initializing Spring embedded WebApplicationContext
2023-01-20T09:53:16.929-05:00  INFO 57254 --- [main] w.s.c.ServletWebServerApplicationContext : Root WebApplicationContext: initialization completed in 430 ms
2023-01-20T09:53:16.984-05:00  WARN 57254 --- [main] com.zaxxer.hikari.HikariConfig           : HikariPool-1 - idleTimeout is close to or more than maxLifetime, disabling it.
2023-01-20T09:53:16.984-05:00  INFO 57254 --- [main] com.zaxxer.hikari.HikariDataSource       : HikariPool-1 - Starting...
2023-01-20T09:53:17.118-05:00  INFO 57254 --- [main] com.zaxxer.hikari.pool.PoolBase          : HikariPool-1 - Driver does not support get/set network timeout for connections. (feature not supported)
2023-01-20T09:53:17.119-05:00  INFO 57254 --- [main] com.zaxxer.hikari.pool.HikariPool        : HikariPool-1 - Added connection org.hsqldb.jdbc.JDBCConnection@2e4389ed
2023-01-20T09:53:17.120-05:00  INFO 57254 --- [main] com.zaxxer.hikari.HikariDataSource       : HikariPool-1 - Start completed.
2023-01-20T09:53:17.242-05:00  WARN 57254 --- [main] ocalVariableTableParameterNameDiscoverer : Using deprecated '-debug' fallback for parameter name resolution. Compile the affected code with '-parameters' instead or avoid its introspection: io.pebbletemplates.boot.autoconfigure.PebbleServletWebConfiguration
2023-01-20T09:53:17.245-05:00  WARN 57254 --- [main] ocalVariableTableParameterNameDiscoverer : Using deprecated '-debug' fallback for parameter name resolution. Compile the affected code with '-parameters' instead or avoid its introspection: io.pebbletemplates.boot.autoconfigure.PebbleAutoConfiguration
2023-01-20T09:53:17.307-05:00  INFO 57254 --- [main] o.s.b.w.embedded.tomcat.TomcatWebServer  : Tomcat started on port(s): 8080 (http) with context path ''
2023-01-20T09:53:17.311-05:00  INFO 57254 --- [main] com.lxc.demo.Application                 : Started Application in 1.047 seconds (process running for 6.271)
2023-01-20T09:53:21.433-05:00  INFO 57254 --- [http-nio-8080-exec-1] o.a.c.c.C.[Tomcat].[localhost].[/]       : Initializing Spring DispatcherServlet 'dispatcherServlet'
2023-01-20T09:53:21.433-05:00  INFO 57254 --- [http-nio-8080-exec-1] o.s.web.servlet.DispatcherServlet        : Initializing Servlet 'dispatcherServlet'
2023-01-20T09:53:21.434-05:00  INFO 57254 --- [http-nio-8080-exec-1] o.s.web.servlet.DispatcherServlet        : Completed initialization in 1 ms
2023-01-20T09:58:57.852-05:00  INFO 57254 --- [SpringApplicationShutdownHook] com.zaxxer.hikari.HikariDataSource       : HikariPool-1 - Shutdown initiated...
2023-01-20T09:58:57.858-05:00  INFO 57254 --- [SpringApplicationShutdownHook] com.zaxxer.hikari.HikariDataSource       : HikariPool-1 - Shutdown completed.
2023-01-20T09:59:04.650-05:00  INFO 57347 --- [main] com.lxc.demo.Application                 : Starting Application using Java 17.0.6 with PID 57347 (/Users/xianchenliu/Downloads/springboot-hello/target/classes started by xianchenliu in /Users/xianchenliu/Downloads/springboot-hello)
2023-01-20T09:59:04.652-05:00  INFO 57347 --- [main] com.lxc.demo.Application                 : No active profile set, falling back to 1 default profile: "default"
2023-01-20T09:59:05.033-05:00  INFO 57347 --- [main] o.s.b.w.embedded.tomcat.TomcatWebServer  : Tomcat initialized with port(s): 8080 (http)
2023-01-20T09:59:05.037-05:00  INFO 57347 --- [main] o.apache.catalina.core.StandardService   : Starting service [Tomcat]
2023-01-20T09:59:05.037-05:00  INFO 57347 --- [main] o.apache.catalina.core.StandardEngine    : Starting Servlet engine: [Apache Tomcat/10.1.1]
2023-01-20T09:59:05.070-05:00  INFO 57347 --- [main] o.a.c.c.C.[Tomcat].[localhost].[/]       : Initializing Spring embedded WebApplicationContext
2023-01-20T09:59:05.071-05:00  INFO 57347 --- [main] w.s.c.ServletWebServerApplicationContext : Root WebApplicationContext: initialization completed in 400 ms
2023-01-20T09:59:05.117-05:00  WARN 57347 --- [main] com.zaxxer.hikari.HikariConfig           : HikariPool-1 - idleTimeout is close to or more than maxLifetime, disabling it.
2023-01-20T09:59:05.117-05:00  INFO 57347 --- [main] com.zaxxer.hikari.HikariDataSource       : HikariPool-1 - Starting...
2023-01-20T09:59:05.254-05:00  INFO 57347 --- [main] com.zaxxer.hikari.pool.PoolBase          : HikariPool-1 - Driver does not support get/set network timeout for connections. (feature not supported)
2023-01-20T09:59:05.254-05:00  INFO 57347 --- [main] com.zaxxer.hikari.pool.HikariPool        : HikariPool-1 - Added connection org.hsqldb.jdbc.JDBCConnection@478b0739
2023-01-20T09:59:05.255-05:00  INFO 57347 --- [main] com.zaxxer.hikari.HikariDataSource       : HikariPool-1 - Start completed.
2023-01-20T09:59:05.376-05:00  WARN 57347 --- [main] ocalVariableTableParameterNameDiscoverer : Using deprecated '-debug' fallback for parameter name resolution. Compile the affected code with '-parameters' instead or avoid its introspection: io.pebbletemplates.boot.autoconfigure.PebbleServletWebConfiguration
2023-01-20T09:59:05.378-05:00  WARN 57347 --- [main] ocalVariableTableParameterNameDiscoverer : Using deprecated '-debug' fallback for parameter name resolution. Compile the affected code with '-parameters' instead or avoid its introspection: io.pebbletemplates.boot.autoconfigure.PebbleAutoConfiguration
2023-01-20T09:59:05.439-05:00  INFO 57347 --- [main] o.s.b.w.embedded.tomcat.TomcatWebServer  : Tomcat started on port(s): 8080 (http) with context path ''
2023-01-20T09:59:05.444-05:00  INFO 57347 --- [main] com.lxc.demo.Application                 : Started Application in 0.991 seconds (process running for 6.211)
2023-01-20T09:59:14.155-05:00  INFO 57347 --- [SpringApplicationShutdownHook] com.zaxxer.hikari.HikariDataSource       : HikariPool-1 - Shutdown initiated...
2023-01-20T09:59:14.156-05:00  INFO 57347 --- [SpringApplicationShutdownHook] com.zaxxer.hikari.HikariDataSource       : HikariPool-1 - Shutdown completed.
2023-01-20T09:59:20.819-05:00  INFO 57360 --- [main] com.lxc.demo.Application                 : Starting Application using Java 17.0.6 with PID 57360 (/Users/xianchenliu/Downloads/springboot-hello/target/classes started by xianchenliu in /Users/xianchenliu/Downloads/springboot-hello)
2023-01-20T09:59:20.820-05:00  INFO 57360 --- [main] com.lxc.demo.Application                 : No active profile set, falling back to 1 default profile: "default"
2023-01-20T09:59:21.219-05:00  INFO 57360 --- [main] o.s.b.w.embedded.tomcat.TomcatWebServer  : Tomcat initialized with port(s): 8080 (http)
2023-01-20T09:59:21.223-05:00  INFO 57360 --- [main] o.apache.catalina.core.StandardService   : Starting service [Tomcat]
2023-01-20T09:59:21.223-05:00  INFO 57360 --- [main] o.apache.catalina.core.StandardEngine    : Starting Servlet engine: [Apache Tomcat/10.1.1]
2023-01-20T09:59:21.258-05:00  INFO 57360 --- [main] o.a.c.c.C.[Tomcat].[localhost].[/]       : Initializing Spring embedded WebApplicationContext
2023-01-20T09:59:21.258-05:00  INFO 57360 --- [main] w.s.c.ServletWebServerApplicationContext : Root WebApplicationContext: initialization completed in 419 ms
2023-01-20T09:59:21.308-05:00  WARN 57360 --- [main] com.zaxxer.hikari.HikariConfig           : HikariPool-1 - idleTimeout is close to or more than maxLifetime, disabling it.
2023-01-20T09:59:21.308-05:00  INFO 57360 --- [main] com.zaxxer.hikari.HikariDataSource       : HikariPool-1 - Starting...
2023-01-20T09:59:21.439-05:00  INFO 57360 --- [main] com.zaxxer.hikari.pool.PoolBase          : HikariPool-1 - Driver does not support get/set network timeout for connections. (feature not supported)
2023-01-20T09:59:21.440-05:00  INFO 57360 --- [main] com.zaxxer.hikari.pool.HikariPool        : HikariPool-1 - Added connection org.hsqldb.jdbc.JDBCConnection@91da29b
2023-01-20T09:59:21.441-05:00  INFO 57360 --- [main] com.zaxxer.hikari.HikariDataSource       : HikariPool-1 - Start completed.
2023-01-20T09:59:21.571-05:00  WARN 57360 --- [main] ocalVariableTableParameterNameDiscoverer : Using deprecated '-debug' fallback for parameter name resolution. Compile the affected code with '-parameters' instead or avoid its introspection: io.pebbletemplates.boot.autoconfigure.PebbleServletWebConfiguration
2023-01-20T09:59:21.573-05:00  WARN 57360 --- [main] ocalVariableTableParameterNameDiscoverer : Using deprecated '-debug' fallback for parameter name resolution. Compile the affected code with '-parameters' instead or avoid its introspection: io.pebbletemplates.boot.autoconfigure.PebbleAutoConfiguration
2023-01-20T09:59:21.631-05:00  INFO 57360 --- [main] o.s.b.w.embedded.tomcat.TomcatWebServer  : Tomcat started on port(s): 8080 (http) with context path ''
2023-01-20T09:59:21.635-05:00  INFO 57360 --- [main] com.lxc.demo.Application                 : Started Application in 1.01 seconds (process running for 6.253)
2023-01-20T09:59:29.630-05:00  INFO 57360 --- [http-nio-8080-exec-1] o.a.c.c.C.[Tomcat].[localhost].[/]       : Initializing Spring DispatcherServlet 'dispatcherServlet'
2023-01-20T09:59:29.631-05:00  INFO 57360 --- [http-nio-8080-exec-1] o.s.web.servlet.DispatcherServlet        : Initializing Servlet 'dispatcherServlet'
2023-01-20T09:59:29.631-05:00  INFO 57360 --- [http-nio-8080-exec-1] o.s.web.servlet.DispatcherServlet        : Completed initialization in 0 ms
